[05-Jun-2019 14:56:03 UTC] PHP Parse error:  syntax error, unexpected '?>' in /app/public/wp-content/themes/fictional-university-theme/index.php on line 7
[05-Jun-2019 14:57:43 UTC] PHP Parse error:  syntax error, unexpected '?>' in /app/public/wp-content/themes/fictional-university-theme/index.php on line 7
[05-Jun-2019 16:11:41 UTC] PHP Parse error:  syntax error, unexpected ';', expecting ',' or ')' in /app/public/wp-content/themes/fictional-university-theme/functions.php on line 4
[05-Jun-2019 17:13:40 UTC] PHP Parse error:  syntax error, unexpected '-', expecting '(' in /app/public/wp-content/themes/fictional-university-theme/functions.php on line 13
[06-Jun-2019 00:29:02 UTC] PHP Parse error:  syntax error, unexpected 'add_theme_support' (T_STRING) in /app/public/wp-content/themes/fictional-university-theme/functions.php on line 15
[06-Jun-2019 00:59:30 UTC] PHP Fatal error:  Uncaught Error: Call to undefined function wp_get_post_partent_id() in /app/public/wp-content/themes/fictional-university-theme/header.php:19
Stack trace:
#0 /app/public/wp-includes/template.php(704): require_once()
#1 /app/public/wp-includes/template.php(653): load_template('/app/public/wp-...', true)
#2 /app/public/wp-includes/general-template.php(41): locate_template(Array, true)
#3 /app/public/wp-content/themes/fictional-university-theme/index.php(1): get_header()
#4 /app/public/wp-includes/template-loader.php(77): include('/app/public/wp-...')
#5 /app/public/wp-blog-header.php(19): require_once('/app/public/wp-...')
#6 /app/public/index.php(17): require('/app/public/wp-...')
#7 {main}
  thrown in /app/public/wp-content/themes/fictional-university-theme/header.php on line 19
[06-Jun-2019 00:59:36 UTC] PHP Fatal error:  Uncaught Error: Call to undefined function wp_get_post_partent_id() in /app/public/wp-content/themes/fictional-university-theme/header.php:19
Stack trace:
#0 /app/public/wp-includes/template.php(704): require_once()
#1 /app/public/wp-includes/template.php(653): load_template('/app/public/wp-...', true)
#2 /app/public/wp-includes/general-template.php(41): locate_template(Array, true)
#3 /app/public/wp-content/themes/fictional-university-theme/index.php(1): get_header()
#4 /app/public/wp-includes/template-loader.php(77): include('/app/public/wp-...')
#5 /app/public/wp-blog-header.php(19): require_once('/app/public/wp-...')
#6 /app/public/index.php(17): require('/app/public/wp-...')
#7 {main}
  thrown in /app/public/wp-content/themes/fictional-university-theme/header.php on line 19
[07-Jun-2019 20:02:30 UTC] PHP Parse error:  syntax error, unexpected 'title' (T_STRING) in /app/public/wp-content/themes/fictional-university-theme/front-page.php on line 49
[19-Jun-2019 17:40:27 UTC] PHP Parse error:  syntax error, unexpected '=', expecting ')' in /app/public/wp-content/themes/fictional-university-theme/front-page.php on line 21
[19-Jun-2019 17:40:53 UTC] PHP Warning:  Use of undefined constant the_title - assumed 'the_title' (this will throw an Error in a future version of PHP) in /app/public/wp-content/themes/fictional-university-theme/front-page.php on line 26
[19-Jun-2019 17:40:53 UTC] PHP Warning:  Use of undefined constant the_title - assumed 'the_title' (this will throw an Error in a future version of PHP) in /app/public/wp-content/themes/fictional-university-theme/front-page.php on line 26
[19-Jun-2019 17:51:40 UTC] PHP Parse error:  syntax error, unexpected ':' in /app/public/wp-content/themes/fictional-university-theme/single-event.php on line 24
[19-Jun-2019 17:58:04 UTC] PHP Parse error:  syntax error, unexpected ';', expecting ')' in /app/public/wp-content/mu-plugins/university-post-types.php on line 4
[19-Jun-2019 18:57:29 UTC] PHP Fatal error:  Uncaught Exception: DateTime::__construct(): Failed to parse time string (19/06/2019) at position 0 (1): Unexpected character in /app/public/wp-content/themes/fictional-university-theme/front-page.php:30
Stack trace:
#0 /app/public/wp-content/themes/fictional-university-theme/front-page.php(30): DateTime->__construct('19/06/2019')
#1 /app/public/wp-includes/template-loader.php(77): include('/app/public/wp-...')
#2 /app/public/wp-blog-header.php(19): require_once('/app/public/wp-...')
#3 /app/public/index.php(17): require('/app/public/wp-...')
#4 {main}
  thrown in /app/public/wp-content/themes/fictional-university-theme/front-page.php on line 30
[19-Jun-2019 18:58:25 UTC] PHP Fatal error:  Uncaught Exception: DateTime::__construct(): Failed to parse time string (19/06/2019) at position 0 (1): Unexpected character in /app/public/wp-content/themes/fictional-university-theme/front-page.php:30
Stack trace:
#0 /app/public/wp-content/themes/fictional-university-theme/front-page.php(30): DateTime->__construct('19/06/2019')
#1 /app/public/wp-includes/template-loader.php(77): include('/app/public/wp-...')
#2 /app/public/wp-blog-header.php(19): require_once('/app/public/wp-...')
#3 /app/public/index.php(17): require('/app/public/wp-...')
#4 {main}
  thrown in /app/public/wp-content/themes/fictional-university-theme/front-page.php on line 30
[23-Jun-2019 16:40:57 UTC] PHP Fatal error:  Uncaught ArgumentCountError: Too few arguments to function WP_Query::set(), 0 passed in /app/public/wp-content/themes/fictional-university-theme/functions.php on line 21 and exactly 2 expected in /app/public/wp-includes/class-wp-query.php:1706
Stack trace:
#0 /app/public/wp-content/themes/fictional-university-theme/functions.php(21): WP_Query->set()
#1 /app/public/wp-includes/class-wp-hook.php(286): university_adjust_queries(Object(WP_Query))
#2 /app/public/wp-includes/class-wp-hook.php(310): WP_Hook->apply_filters('', Array)
#3 /app/public/wp-includes/plugin.php(531): WP_Hook->do_action(Array)
#4 /app/public/wp-includes/class-wp-query.php(1736): do_action_ref_array('pre_get_posts', Array)
#5 /app/public/wp-includes/class-wp-query.php(3387): WP_Query->get_posts()
#6 /app/public/wp-includes/class-wp.php(622): WP_Query->query(Array)
#7 /app/public/wp-includes/class-wp.php(739): WP->query_posts()
#8 /app/public/wp-includes/functions.php(1105): WP->main('')
#9 /app/public/wp-blog-header.php(16): wp()
#10 /app/pub in /app/public/wp-includes/class-wp-query.php on line 1706
[23-Jun-2019 16:42:51 UTC] PHP Parse error:  syntax error, unexpected '(', expecting identifier (T_STRING) or variable (T_VARIABLE) or '{' or '$' in /app/public/wp-content/themes/fictional-university-theme/functions.php on line 22
[23-Jun-2019 16:43:15 UTC] PHP Parse error:  syntax error, unexpected '}' in /app/public/wp-content/themes/fictional-university-theme/functions.php on line 23
[23-Jun-2019 16:43:30 UTC] PHP Parse error:  syntax error, unexpected '}' in /app/public/wp-content/themes/fictional-university-theme/functions.php on line 24
[23-Jun-2019 16:46:44 UTC] PHP Parse error:  syntax error, unexpected '(', expecting identifier (T_STRING) or variable (T_VARIABLE) or '{' or '$' in /app/public/wp-content/themes/fictional-university-theme/functions.php on line 25
[23-Jun-2019 18:17:33 UTC] PHP Parse error:  syntax error, unexpected 'echo' (T_ECHO), expecting ',' or ';' in /app/public/wp-content/themes/fictional-university-theme/single-event.php on line 34
[23-Jun-2019 18:19:34 UTC] PHP Warning:  Invalid argument supplied for foreach() in /app/public/wp-content/themes/fictional-university-theme/single-event.php on line 36
[10-Jul-2019 16:48:25 UTC] PHP Fatal error:  Uncaught ArgumentCountError: Too few arguments to function pageBanner(), 0 passed in /app/public/wp-content/themes/fictional-university-theme/page.php on line 6 and exactly 1 expected in /app/public/wp-content/themes/fictional-university-theme/functions.php:3
Stack trace:
#0 /app/public/wp-content/themes/fictional-university-theme/page.php(6): pageBanner()
#1 /app/public/wp-includes/template-loader.php(77): include('/app/public/wp-...')
#2 /app/public/wp-blog-header.php(19): require_once('/app/public/wp-...')
#3 /app/public/index.php(17): require('/app/public/wp-...')
#4 {main}
  thrown in /app/public/wp-content/themes/fictional-university-theme/functions.php on line 3
[16-Sep-2019 21:40:23 UTC] PHP Parse error:  syntax error, unexpected '=>' (T_DOUBLE_ARROW) in /app/public/wp-content/themes/fictional-university-theme/front-page.php on line 52
[18-Sep-2019 17:55:37 UTC] PHP Fatal error:  Uncaught ArgumentCountError: Too few arguments to function wp_localize_script(), 0 passed in /app/public/wp-content/themes/fictional-university-theme/functions.php on line 40 and exactly 3 expected in /app/public/wp-includes/functions.wp-scripts.php:193
Stack trace:
#0 /app/public/wp-content/themes/fictional-university-theme/functions.php(40): wp_localize_script()
#1 /app/public/wp-includes/class-wp-hook.php(286): university_files('')
#2 /app/public/wp-includes/class-wp-hook.php(310): WP_Hook->apply_filters(NULL, Array)
#3 /app/public/wp-includes/plugin.php(465): WP_Hook->do_action(Array)
#4 /app/public/wp-includes/script-loader.php(2463): do_action('wp_enqueue_scri...')
#5 /app/public/wp-includes/class-wp-hook.php(286): wp_enqueue_scripts('')
#6 /app/public/wp-includes/class-wp-hook.php(310): WP_Hook->apply_filters(NULL, Array)
#7 /app/public/wp-includes/plugin.php(465): WP_Hook->do_action(Array)
#8 /app/public/wp-includes/general-template.php(2668): do_action('wp_head')
#9 /app/public/wp-content/themes/fict in /app/public/wp-includes/functions.wp-scripts.php on line 193
[18-Sep-2019 18:04:40 UTC] PHP Parse error:  syntax error, unexpected ';', expecting ')' in /app/public/wp-content/themes/fictional-university-theme/functions.php on line 41
[19-Sep-2019 13:54:57 UTC] PHP Parse error:  syntax error, unexpected ')' in /app/public/wp-content/themes/fictional-university-theme/functions.php on line 3
[19-Sep-2019 16:13:07 UTC] PHP Parse error:  syntax error, unexpected end of file in /app/public/wp-content/themes/fictional-university-theme/inc/search-route.php on line 1
[19-Sep-2019 16:38:30 UTC] PHP Parse error:  syntax error, unexpected '}', expecting ';' in /app/public/wp-content/themes/fictional-university-theme/inc/search-route.php on line 14
[19-Sep-2019 17:12:10 UTC] PHP Fatal error:  Uncaught ArgumentCountError: Too few arguments to function sanitize_term_field(), 1 passed in /app/public/wp-content/themes/fictional-university-theme/inc/search-route.php on line 15 and exactly 5 expected in /app/public/wp-includes/taxonomy.php:1518
Stack trace:
#0 /app/public/wp-content/themes/fictional-university-theme/inc/search-route.php(15): sanitize_term_field('barksalot')
#1 /app/public/wp-includes/rest-api/class-wp-rest-server.php(946): universitySearchResults(Object(WP_REST_Request))
#2 /app/public/wp-includes/rest-api/class-wp-rest-server.php(329): WP_REST_Server->dispatch(Object(WP_REST_Request))
#3 /app/public/wp-includes/rest-api.php(309): WP_REST_Server->serve_request('/university/v1/...')
#4 /app/public/wp-includes/class-wp-hook.php(286): rest_api_loaded(Object(WP))
#5 /app/public/wp-includes/class-wp-hook.php(310): WP_Hook->apply_filters('', Array)
#6 /app/public/wp-includes/plugin.php(531): WP_Hook->do_action(Array)
#7 /app/public/wp-includes/class-wp.php(387): do_action_ref_array('parse_req in /app/public/wp-includes/taxonomy.php on line 1518
[19-Sep-2019 17:13:11 UTC] PHP Fatal error:  Uncaught ArgumentCountError: Too few arguments to function sanitize_term_field(), 1 passed in /app/public/wp-content/themes/fictional-university-theme/inc/search-route.php on line 15 and exactly 5 expected in /app/public/wp-includes/taxonomy.php:1518
Stack trace:
#0 /app/public/wp-content/themes/fictional-university-theme/inc/search-route.php(15): sanitize_term_field('kingkitty')
#1 /app/public/wp-includes/rest-api/class-wp-rest-server.php(946): universitySearchResults(Object(WP_REST_Request))
#2 /app/public/wp-includes/rest-api/class-wp-rest-server.php(329): WP_REST_Server->dispatch(Object(WP_REST_Request))
#3 /app/public/wp-includes/rest-api.php(309): WP_REST_Server->serve_request('/university/v1/...')
#4 /app/public/wp-includes/class-wp-hook.php(286): rest_api_loaded(Object(WP))
#5 /app/public/wp-includes/class-wp-hook.php(310): WP_Hook->apply_filters('', Array)
#6 /app/public/wp-includes/plugin.php(531): WP_Hook->do_action(Array)
#7 /app/public/wp-includes/class-wp.php(387): do_action_ref_array('parse_req in /app/public/wp-includes/taxonomy.php on line 1518
